0 info it worked if it ends with ok
1 verbose cli [ '/Users/sghiassy/.nvm/versions/node/v5.10.1/bin/node',
1 verbose cli   '/Users/sghiassy/.nvm/versions/node/v5.10.1/bin/npm',
1 verbose cli   'publish' ]
2 info using npm@3.8.8
3 info using node@v5.10.1
4 verbose publish [ '.' ]
5 silly cache add args [ '.', null ]
6 verbose cache add spec .
7 silly cache add parsed spec Result {
7 silly cache add   raw: '.',
7 silly cache add   scope: null,
7 silly cache add   name: null,
7 silly cache add   rawSpec: '.',
7 silly cache add   spec: '/Users/sghiassy/Dev/react-native-sglistview',
7 silly cache add   type: 'directory' }
8 verbose addLocalDirectory /Users/sghiassy/.npm/react-native-sglistview/0.3.0/package.tgz not in flight; packing
9 verbose correctMkdir /Users/sghiassy/.npm correctMkdir not in flight; initializing
10 info lifecycle react-native-sglistview@0.3.0~prepublish: react-native-sglistview@0.3.0
11 silly lifecycle react-native-sglistview@0.3.0~prepublish: no script for prepublish, continuing
12 verbose tar pack [ '/Users/sghiassy/.npm/react-native-sglistview/0.3.0/package.tgz',
12 verbose tar pack   '/Users/sghiassy/Dev/react-native-sglistview' ]
13 verbose tarball /Users/sghiassy/.npm/react-native-sglistview/0.3.0/package.tgz
14 verbose folder /Users/sghiassy/Dev/react-native-sglistview
15 verbose addLocalTarball adding from inside cache /Users/sghiassy/.npm/react-native-sglistview/0.3.0/package.tgz
16 verbose correctMkdir /Users/sghiassy/.npm correctMkdir not in flight; initializing
17 silly cache afterAdd react-native-sglistview@0.3.0
18 verbose afterAdd /Users/sghiassy/.npm/react-native-sglistview/0.3.0/package/package.json not in flight; writing
19 verbose correctMkdir /Users/sghiassy/.npm correctMkdir not in flight; initializing
20 verbose afterAdd /Users/sghiassy/.npm/react-native-sglistview/0.3.0/package/package.json written
21 silly publish { name: 'react-native-sglistview',
21 silly publish   version: '0.3.0',
21 silly publish   description: 'A React Native module to provide a memory efficent ListView over the native implementation',
21 silly publish   main: 'lib/index.js',
21 silly publish   scripts:
21 silly publish    { build: 'babel --source-maps=true --out-dir=dist lib',
21 silly publish      posttest: 'mv .babelrc babelrc',
21 silly publish      pretest: 'mv babelrc .babelrc && eslint lib test && npm run build',
21 silly publish      test: 'mocha',
21 silly publish      x: 'open example/ios/AwesomeProject.xcodeproj' },
21 silly publish   keywords: [ 'ReactNative', 'ListView' ],
21 silly publish   author:
21 silly publish    { name: 'Shaheen Ghiassy',
21 silly publish      email: 'shaheen.ghiassy@gmail.com',
21 silly publish      url: 'http://shaheenghiassy.com' },
21 silly publish   license: 'MIT',
21 silly publish   homepage: 'https://github.com/sghiassy/react-native-sglistview',
21 silly publish   peerDependencies: { 'react-native': '>=0.25.0', react: '>=0.14.0 || ^15.0.0' },
21 silly publish   devDependencies:
21 silly publish    { babel: '^6.5.2',
21 silly publish      'babel-cli': '^6.10.1',
21 silly publish      'babel-preset-es2015': '^6.9.0',
21 silly publish      'babel-preset-react': '^6.5.0',
21 silly publish      'babel-preset-stage-2': '^6.5.0',
21 silly publish      enzyme: '^2.3.0',
21 silly publish      eslint: '^2.12.0',
21 silly publish      'eslint-config-airbnb': '^9.0.1',
21 silly publish      'eslint-plugin-import': '^1.8.1',
21 silly publish      'eslint-plugin-jsx-a11y': '^1.4.2',
21 silly publish      'eslint-plugin-react': '^5.1.1',
21 silly publish      mocha: '^2.5.3',
21 silly publish      'react-dom': '^15.1.0',
21 silly publish      'react-native-mock': '^0.2.3',
21 silly publish      should: '^9.0.2' },
21 silly publish   files: [ '*.js', 'lib' ],
21 silly publish   readme: '![](https://travis-ci.org/sghiassy/react-native-sglistview.svg?branch=master)\n\n# React Native SGListView\n\nSGListView is a memory minded implementation of the React Native\'s ListView.\n\n## The Problem\n\nThe React Native team has done a tremendous job building a robust platform. One oversight, is the memory performance of their ListView implementation. When scrolling down long lists, the memory footprint increases linearly and will eventually exhaust all available memory. On a device as memory-constrained as a mobile device, this behavior can be a deal breaker for many.\n\n![Native ListView Performance](http://cl.ly/image/1E1Q2M2x1Y3F/Before.png)\nAn example of ListView performance for long lists.\n\n## The Solution\n\nSGListView resolves React Native\'s ListView memory problem by controlling what\'s being drawn to the screen and what\'s kept in memory. When cells are scrolled off screen, SGListView intelligently flushes their internal view and only retains the cell\'s rendered bounding box - resulting in huge memory gains.\n\n![SGListView Performance](http://cl.ly/image/3e2y0a1C1n0K/After.png)\nAn example of SGListView performance for long lists.\n\n\n## Installation\n\nInstall via npm\n\n```bash\nnpm install react-native-sglistview --save\n```\n\n## Usage\n\nSGListView was designed to be a developer-friendly drop-in replacement for ListView. Simply import the package and change the `ListView` references in the render methods to `SGListView`. Nothing else. No fuss, no muss.\n\nImport SGListView\n\n```js\nvar SGListView = require(\'react-native-sglistview\');\n```\n\nChange references from `ListView` to `SGListView`.\n\nFrom:\n```jsx\n<ListView ... />\n```\nTo:\n```jsx\n<SGListView ... />\n```\n\nDone.\n\n**NOTE**: You still create the datasource using ListView (i.e.: `var dataSource = new ListView.DataSource(...)`)\n\n## Methods\n\n  * **getNativeListView**: Get the underlying `ListView` element from `SGListView`.\n\n## Options\n\n  * **premptiveLoading (type: integer)**: SGListView will dump the internal view of each cell as it goes off the screen. Conversely, when the cell comes back on the screen, we repopulate the cell with its view. If this transition happens too late in the process, the user will see a flash on screen as the cell transitions from a blank bounding box to its full view representation. SGListView prevents this from happening by preemptively loading cells before they come on screen. By default, we load 2 cells in the future before they come on screen. SGListView allows you to override the number of cells to load preemptively through the prop *premptiveLoading*. **Note**: Because of this logic, its advised not to use ListView\'s prop *scrollRenderAheadDistance* as they can be in conflict with one another.\n\n## FAQ\n\n### Does this approach reuse cells?\n\nUnfortunately no. Instead what SGListView does is to dump the internal view of cells as they scroll off screen, so that only a simple bounding box of the cell remains in memory.\n\n### Why do you keep cells around when they go off screen? Why don\'t you just remove them?\n\nWe keep cells around because we wanted SGListView to be a high-fidelity drop-in replacement for ListView - which meant sacrificing performance for compatibility.\n\nWe wanted pixel perfection between ListView and SGListView. This meant that we had to rely on ListView\'s underlying CSS engine to keep pixel level fidelity between ListView layouts and SGListView layouts. With flexbox styling, removing a cell from a grid can cause a reflow of all remaining cells and therefore could mess with design fidelity. Keeping the bounding box in memory resolved any and all layout concerns.\n\n### Why didn\'t you wrap a UICollectionView / UITableView?\n\nOne key goal for this project was to make the final solution platform independent. Using an underlying UICollectionView or UITableView would\'ve tied the implementation to iOS\'s UIKit and was something we worked to avoid.\n\n## Notice\n\nThis is alpha-version code; use skeptically.\n\n## Authors\n\nShaheen Ghiassy <shaheen.ghiassy@gmail.com>\n\n## Contributing\n\nEvery attempt will be made to review PRs promptly. In addition please follow the below style guide\n\n### Contributing Style Guide\n\n#### Annotate Logic Tests\n\nUse variables / BOOLean values to better annotate logic tests. This makes code more readable and maintainable.\n\nInstead of\n\n```js\nif (evt.x >= box.x1 && evt.x <= box.x2) {\n```\n\ndo\n\n```js\nvar userClickedInsideBox = evt.x >= box.x1 && evt.x <= box.x2;\n\nif (userClickedInsideBox) {\n```\n\n#### Semicolons?\n\nYes, semicolons are required. The lack of semicolons in JS lead to obsure ASI bugs [link](http://stackoverflow.com/questions/444080/do-you-recommend-using-semicolons-after-every-statement-in-javascript) and [Douglas Crockford says to use them](http://javascript.crockford.com/code.html).\n\n#### Brackets are required\n\nYup\n\n#### Brackets on the same line\n\nDo\n\n```js\nif (test === true) {\n```\n\nNot\n\n```js\nif (test === true)\n{\n```\n\n#### If spacing\n\nDo\n\n```js\nif (test === true) {\n```\n\nNot\n\n```js\nif( test===true ){\n```\n',
21 silly publish   readmeFilename: 'README.md',
21 silly publish   gitHead: '8b1e57cf6ff55edbeab6db7c8db0f00798d53a3c',
21 silly publish   _id: 'react-native-sglistview@0.3.0',
21 silly publish   _shasum: 'ba2d3e24bb9be3ac808f916862e0b20015c249b9',
21 silly publish   _from: '.' }
22 verbose getPublishConfig undefined
23 silly mapToRegistry name react-native-sglistview
24 silly mapToRegistry using default registry
25 silly mapToRegistry registry https://registry.npmjs.org/
26 silly mapToRegistry data Result {
26 silly mapToRegistry   raw: 'react-native-sglistview',
26 silly mapToRegistry   scope: null,
26 silly mapToRegistry   name: 'react-native-sglistview',
26 silly mapToRegistry   rawSpec: '',
26 silly mapToRegistry   spec: 'latest',
26 silly mapToRegistry   type: 'tag' }
27 silly mapToRegistry uri https://registry.npmjs.org/react-native-sglistview
28 verbose publish registryBase https://registry.npmjs.org/
29 silly publish uploading /Users/sghiassy/.npm/react-native-sglistview/0.3.0/package.tgz
30 verbose request uri https://registry.npmjs.org/react-native-sglistview
31 verbose request sending authorization for write operation
32 info attempt registry request try #1 at 5:12:03 PM
33 verbose request using bearer token for auth
34 verbose request id ffe014cfb1be041b
35 http request PUT https://registry.npmjs.org/react-native-sglistview
36 http 403 https://registry.npmjs.org/react-native-sglistview
37 verbose headers { 'content-type': 'application/json',
37 verbose headers   'cache-control': 'max-age=300',
37 verbose headers   'content-length': '95',
37 verbose headers   'accept-ranges': 'bytes',
37 verbose headers   date: 'Fri, 17 Jun 2016 00:12:05 GMT',
37 verbose headers   via: '1.1 varnish',
37 verbose headers   connection: 'keep-alive',
37 verbose headers   'x-served-by': 'cache-dfw1827-DFW',
37 verbose headers   'x-cache': 'MISS',
37 verbose headers   'x-cache-hits': '0',
37 verbose headers   'x-timer': 'S1466122324.251378,VS0,VE954',
37 verbose headers   vary: 'Accept-Encoding' }
38 verbose request invalidating /Users/sghiassy/.npm/registry.npmjs.org/react-native-sglistview on PUT
39 error publish Failed PUT 403
40 verbose stack Error: "You cannot publish over the previously published version 0.3.0." : react-native-sglistview
40 verbose stack     at makeError (/Users/sghiassy/.nvm/versions/node/v5.10.1/lib/node_modules/npm/node_modules/npm-registry-client/lib/request.js:264:12)
40 verbose stack     at CachingRegistryClient.<anonymous> (/Users/sghiassy/.nvm/versions/node/v5.10.1/lib/node_modules/npm/node_modules/npm-registry-client/lib/request.js:252:14)
40 verbose stack     at Request._callback (/Users/sghiassy/.nvm/versions/node/v5.10.1/lib/node_modules/npm/node_modules/npm-registry-client/lib/request.js:172:14)
40 verbose stack     at Request.self.callback (/Users/sghiassy/.nvm/versions/node/v5.10.1/lib/node_modules/npm/node_modules/request/request.js:200:22)
40 verbose stack     at emitTwo (events.js:100:13)
40 verbose stack     at Request.emit (events.js:185:7)
40 verbose stack     at Request.<anonymous> (/Users/sghiassy/.nvm/versions/node/v5.10.1/lib/node_modules/npm/node_modules/request/request.js:1067:10)
40 verbose stack     at emitOne (events.js:95:20)
40 verbose stack     at Request.emit (events.js:182:7)
40 verbose stack     at IncomingMessage.<anonymous> (/Users/sghiassy/.nvm/versions/node/v5.10.1/lib/node_modules/npm/node_modules/request/request.js:988:12)
41 verbose statusCode 403
42 verbose pkgid react-native-sglistview
43 verbose cwd /Users/sghiassy/Dev/react-native-sglistview
44 error Darwin 15.5.0
45 error argv "/Users/sghiassy/.nvm/versions/node/v5.10.1/bin/node" "/Users/sghiassy/.nvm/versions/node/v5.10.1/bin/npm" "publish"
46 error node v5.10.1
47 error npm  v3.8.8
48 error code E403
49 error "You cannot publish over the previously published version 0.3.0." : react-native-sglistview
50 error If you need help, you may report this error at:
50 error     <https://github.com/npm/npm/issues>
51 verbose exit [ 1, true ]
